<?xml version="1.0" encoding="UTF-8"?>
<testsuite name="CarListTest" tests="10" skipped="0" failures="0" errors="0" timestamp="2020-11-14T22:47:15" hostname="WIN-9IM0UKOG952" time="0.014">
  <properties/>
  <testcase name="whenAdded100ElementsThenSizeMustBe100" classname="CarListTest" time="0.01"/>
  <testcase name="methodGetReturnedRightValue" classname="CarListTest" time="0.001"/>
  <testcase name="whenIndexOutOfBoundsThenThrowException" classname="CarListTest" time="0.0"/>
  <testcase name="WhenElementRemoveThenSizeMustBeDecreased" classname="CarListTest" time="0.0"/>
  <testcase name="whenListClearedThenSizeMustBe0" classname="CarListTest" time="0.001"/>
  <testcase name="insertIntoFirstPosition" classname="CarListTest" time="0.0"/>
  <testcase name="whenNonExistentElementRemovedThenReturnFalse" classname="CarListTest" time="0.0"/>
  <testcase name="insertIntoLastPosition" classname="CarListTest" time="0.0"/>
  <testcase name="WhenElementRemoveByIndexThenSizeMustBeDecreased" classname="CarListTest" time="0.0"/>
  <testcase name="insertIntoMiddle" classname="CarListTest" time="0.0"/>
  <system-out><![CDATA[]]></system-out>
  <system-err><![CDATA[]]></system-err>
</testsuite>
